<?xml version="1.0" encoding="UTF-8"?>
<!-- Generated by org.testng.reporters.JUnitReportReporter -->
<testsuite hostname="IBM-PF4T6KSV" failures="0" tests="3" name="TestNG_Activity_9" time="0.854" errors="0" timestamp="2024-05-03T10:24:53 IST" skipped="0">
  <testcase classname="TestNG_Activity_9" name="promptAlertTestCase" time="0.268">
    <system-out>
      <![CDATA[Awesome]]>
    </system-out>
  </testcase> <!-- promptAlertTestCase -->
  <testcase classname="TestNG_Activity_9" name="confirmAlertTestCase" time="0.425"/>
  <testcase classname="TestNG_Activity_9" name="simpleAlertTestCase" time="0.161"/>
  <system-out>
    <![CDATA[Awesome]]>
  </system-out>
</testsuite> <!-- TestNG_Activity_9 -->
